-outxml
-source
1.6
-target
1.6
-classpath
E:\devsoft\buildmanagement\apache-maven-3.0.4\repo\aopalliance\aopalliance\1.0\aopalliance-1.0.jar;E:\devsoft\buildmanagement\apache-maven-3.0.4\repo\com\jayway\jsonpath\json-path\0.8.1\json-path-0.8.1.jar;E:\devsoft\buildmanagement\apache-maven-3.0.4\repo\commons-fileupload\commons-fileupload\1.2.2\commons-fileupload-1.2.2.jar;E:\devsoft\buildmanagement\apache-maven-3.0.4\repo\commons-io\commons-io\2.0.1\commons-io-2.0.1.jar;E:\devsoft\buildmanagement\apache-maven-3.0.4\repo\javax\inject\javax.inject\1\javax.inject-1.jar;E:\devsoft\buildmanagement\apache-maven-3.0.4\repo\javax\servlet\jsp\jsp-api\2.1\jsp-api-2.1.jar;E:\devsoft\buildmanagement\apache-maven-3.0.4\repo\javax\servlet\jsp\jstl\jstl-api\1.2\jstl-api-1.2.jar;E:\devsoft\buildmanagement\apache-maven-3.0.4\repo\javax\validation\validation-api\1.0.0.GA\validation-api-1.0.0.GA.jar;E:\devsoft\buildmanagement\apache-maven-3.0.4\repo\jdom\jdom\1.0\jdom-1.0.jar;E:\devsoft\buildmanagement\apache-maven-3.0.4\repo\joda-time\joda-time\1.6.2\joda-time-1.6.2.jar;E:\devsoft\buildmanagement\apache-maven-3.0.4\repo\junit\junit\4.8.2\junit-4.8.2.jar;E:\devsoft\buildmanagement\apache-maven-3.0.4\repo\log4j\log4j\1.2.16\log4j-1.2.16.jar;E:\devsoft\buildmanagement\apache-maven-3.0.4\repo\net\java\dev\rome\rome\1.0.0\rome-1.0.0.jar;E:\devsoft\buildmanagement\apache-maven-3.0.4\repo\org\apache\tomcat\tomcat-servlet-api\7.0.30\tomcat-servlet-api-7.0.30.jar;E:\devsoft\buildmanagement\apache-maven-3.0.4\repo\org\aspectj\aspectjrt\1.6.10\aspectjrt-1.6.10.jar;E:\devsoft\buildmanagement\apache-maven-3.0.4\repo\org\codehaus\jackson\jackson-core-asl\1.8.1\jackson-core-asl-1.8.1.jar;E:\devsoft\buildmanagement\apache-maven-3.0.4\repo\org\codehaus\jackson\jackson-mapper-asl\1.8.1\jackson-mapper-asl-1.8.1.jar;E:\devsoft\buildmanagement\apache-maven-3.0.4\repo\org\glassfish\web\jstl-impl\1.2\jstl-impl-1.2.jar;E:\devsoft\buildmanagement\apache-maven-3.0.4\repo\org\hamcrest\hamcrest-library\1.3\hamcrest-library-1.3.jar;E:\devsoft\buildmanagement\apache-maven-3.0.4\repo\org\hibernate\hibernate-validator\4.1.0.Final\hibernate-validator-4.1.0.Final.jar;E:\devsoft\buildmanagement\apache-maven-3.0.4\repo\org\slf4j\jcl-over-slf4j\1.6.1\jcl-over-slf4j-1.6.1.jar;E:\devsoft\buildmanagement\apache-maven-3.0.4\repo\org\slf4j\slf4j-api\1.6.1\slf4j-api-1.6.1.jar;E:\devsoft\buildmanagement\apache-maven-3.0.4\repo\org\slf4j\slf4j-log4j12\1.6.1\slf4j-log4j12-1.6.1.jar;E:\devsoft\buildmanagement\apache-maven-3.0.4\repo\org\springframework\spring-aop\4.0.0.BUILD-SNAPSHOT\spring-aop-4.0.0.BUILD-SNAPSHOT.jar;E:\devsoft\buildmanagement\apache-maven-3.0.4\repo\org\springframework\spring-beans\4.0.0.BUILD-SNAPSHOT\spring-beans-4.0.0.BUILD-SNAPSHOT.jar;E:\devsoft\buildmanagement\apache-maven-3.0.4\repo\org\springframework\spring-context\4.0.0.BUILD-SNAPSHOT\spring-context-4.0.0.BUILD-SNAPSHOT.jar;E:\devsoft\buildmanagement\apache-maven-3.0.4\repo\org\springframework\spring-core\4.0.0.BUILD-SNAPSHOT\spring-core-4.0.0.BUILD-SNAPSHOT.jar;E:\devsoft\buildmanagement\apache-maven-3.0.4\repo\org\springframework\spring-expression\4.0.0.BUILD-SNAPSHOT\spring-expression-4.0.0.BUILD-SNAPSHOT.jar;E:\devsoft\buildmanagement\apache-maven-3.0.4\repo\org\springframework\spring-test\4.0.0.BUILD-SNAPSHOT\spring-test-4.0.0.BUILD-SNAPSHOT.jar;E:\devsoft\buildmanagement\apache-maven-3.0.4\repo\org\springframework\spring-web\4.0.0.BUILD-SNAPSHOT\spring-web-4.0.0.BUILD-SNAPSHOT.jar;E:\devsoft\buildmanagement\apache-maven-3.0.4\repo\org\springframework\spring-webmvc\4.0.0.BUILD-SNAPSHOT\spring-webmvc-4.0.0.BUILD-SNAPSHOT.jar;E:\devsoft\buildmanagement\apache-maven-3.0.4\repo\xmlunit\xmlunit\1.2\xmlunit-1.2.jar;E:\springannotaions\spring-mvc-showcase-master\target\classes
-d
E:\springannotaions\spring-mvc-showcase-master\target\classes
E:\springannotaions\spring-mvc-showcase-master\src\main\java\org\springframework\samples\mvc\convert\SocialSecurityNumber.java
E:\springannotaions\spring-mvc-showcase-master\src\main\java\org\springframework\samples\mvc\data\custom\CustomArgumentResolver.java
E:\springannotaions\spring-mvc-showcase-master\src\main\java\org\springframework\samples\mvc\async\DeferredResultController.java
E:\springannotaions\spring-mvc-showcase-master\src\main\java\org\springframework\samples\mvc\simple\SimpleController.java
E:\springannotaions\spring-mvc-showcase-master\src\main\java\org\springframework\samples\mvc\async\JavaBean.java
E:\springannotaions\spring-mvc-showcase-master\src\main\java\org\springframework\samples\mvc\response\ResponseController.java
E:\springannotaions\spring-mvc-showcase-master\src\main\java\org\springframework\samples\mvc\exceptions\ExceptionController.java
E:\springannotaions\spring-mvc-showcase-master\src\main\java\org\springframework\samples\mvc\exceptions\GlobalExceptionHandler.java
E:\springannotaions\spring-mvc-showcase-master\src\main\java\org\springframework\samples\mvc\data\custom\CustomArgumentController.java
E:\springannotaions\spring-mvc-showcase-master\src\main\java\org\springframework\samples\mvc\messageconverters\JavaBean.java
E:\springannotaions\spring-mvc-showcase-master\src\main\java\org\springframework\samples\mvc\exceptions\BusinessException.java
E:\springannotaions\spring-mvc-showcase-master\src\main\java\org\springframework\samples\mvc\fileupload\FileUploadController.java
E:\springannotaions\spring-mvc-showcase-master\src\main\java\org\springframework\samples\mvc\convert\ConvertController.java
E:\springannotaions\spring-mvc-showcase-master\src\main\java\org\springframework\samples\mvc\form\FormController.java
E:\springannotaions\spring-mvc-showcase-master\src\main\java\org\springframework\samples\mvc\convert\MaskFormatAnnotationFormatterFactory.java
E:\springannotaions\spring-mvc-showcase-master\src\main\java\org\springframework\samples\mvc\data\standard\StandardArgumentsController.java
E:\springannotaions\spring-mvc-showcase-master\src\main\java\org\springframework\samples\mvc\redirect\RedirectController.java
E:\springannotaions\spring-mvc-showcase-master\src\main\java\org\springframework\samples\mvc\mapping\MappingController.java
E:\springannotaions\spring-mvc-showcase-master\src\main\java\org\springframework\samples\mvc\mapping\ClasslevelMappingController.java
E:\springannotaions\spring-mvc-showcase-master\src\main\java\org\springframework\samples\mvc\views\ViewsController.java
E:\springannotaions\spring-mvc-showcase-master\src\main\java\org\springframework\samples\mvc\convert\JavaBean.java
E:\springannotaions\spring-mvc-showcase-master\src\main\java\org\springframework\samples\mvc\convert\NestedBean.java
E:\springannotaions\spring-mvc-showcase-master\src\main\java\org\springframework\samples\mvc\form\InquiryType.java
E:\springannotaions\spring-mvc-showcase-master\src\main\java\org\springframework\samples\mvc\async\CallableController.java
E:\springannotaions\spring-mvc-showcase-master\src\main\java\spring_mvc_showcase_master\spring_mvc_showcase_master\App.java
E:\springannotaions\spring-mvc-showcase-master\src\main\java\org\springframework\samples\mvc\simple\SimpleControllerRevisited.java
E:\springannotaions\spring-mvc-showcase-master\src\main\java\org\springframework\samples\mvc\convert\MaskFormat.java
E:\springannotaions\spring-mvc-showcase-master\src\main\java\org\springframework\samples\mvc\data\custom\RequestAttribute.java
E:\springannotaions\spring-mvc-showcase-master\src\main\java\org\springframework\samples\mvc\data\JavaBean.java
E:\springannotaions\spring-mvc-showcase-master\src\main\java\org\springframework\samples\mvc\data\RequestDataController.java
E:\springannotaions\spring-mvc-showcase-master\src\main\java\org\springframework\samples\mvc\validation\JavaBean.java
E:\springannotaions\spring-mvc-showcase-master\src\main\java\org\springframework\samples\mvc\mapping\JavaBean.java
E:\springannotaions\spring-mvc-showcase-master\src\main\java\org\springframework\samples\mvc\async\TimeoutCallableProcessingInterceptor.java
E:\springannotaions\spring-mvc-showcase-master\src\main\java\org\springframework\samples\mvc\validation\ValidationController.java
E:\springannotaions\spring-mvc-showcase-master\src\main\java\org\springframework\samples\mvc\messageconverters\MessageConvertersController.java
E:\springannotaions\spring-mvc-showcase-master\src\main\java\org\springframework\mvc\extensions\ajax\AjaxUtils.java
E:\springannotaions\spring-mvc-showcase-master\src\main\java\org\springframework\samples\mvc\views\JavaBean.java
E:\springannotaions\spring-mvc-showcase-master\src\main\java\org\springframework\samples\mvc\form\FormBean.java
